mode: atomic
git.sr.ht/~jamesponddotco/gitignore-go/file.go:24.38,26.16 2 7
git.sr.ht/~jamesponddotco/gitignore-go/file.go:26.16,28.3 1 2
git.sr.ht/~jamesponddotco/gitignore-go/file.go:29.2,32.16 3 5
git.sr.ht/~jamesponddotco/gitignore-go/file.go:32.16,33.46 1 1
git.sr.ht/~jamesponddotco/gitignore-go/file.go:33.46,35.4 1 1
git.sr.ht/~jamesponddotco/gitignore-go/file.go:37.3,37.36 1 0
git.sr.ht/~jamesponddotco/gitignore-go/file.go:40.2,42.8 1 4
git.sr.ht/~jamesponddotco/gitignore-go/file.go:46.50,50.16 3 157
git.sr.ht/~jamesponddotco/gitignore-go/file.go:50.16,51.46 1 2
git.sr.ht/~jamesponddotco/gitignore-go/file.go:51.46,53.4 1 2
git.sr.ht/~jamesponddotco/gitignore-go/file.go:55.3,55.36 1 0
git.sr.ht/~jamesponddotco/gitignore-go/file.go:58.2,60.8 1 155
git.sr.ht/~jamesponddotco/gitignore-go/file.go:64.40,68.33 3 156
git.sr.ht/~jamesponddotco/gitignore-go/file.go:68.33,69.44 1 166
git.sr.ht/~jamesponddotco/gitignore-go/file.go:69.44,70.18 1 150
git.sr.ht/~jamesponddotco/gitignore-go/file.go:70.18,72.5 1 4
git.sr.ht/~jamesponddotco/gitignore-go/file.go:73.4,73.16 1 146
git.sr.ht/~jamesponddotco/gitignore-go/file.go:77.2,77.14 1 152
git.sr.ht/~jamesponddotco/gitignore-go/internal/pattern/pattern.go:37.45,44.21 2 21
git.sr.ht/~jamesponddotco/gitignore-go/internal/pattern/pattern.go:44.21,53.35 4 26
git.sr.ht/~jamesponddotco/gitignore-go/internal/pattern/pattern.go:53.35,54.12 1 2
git.sr.ht/~jamesponddotco/gitignore-go/internal/pattern/pattern.go:58.3,62.17 2 24
git.sr.ht/~jamesponddotco/gitignore-go/internal/pattern/pattern.go:62.17,63.12 1 2
git.sr.ht/~jamesponddotco/gitignore-go/internal/pattern/pattern.go:67.3,68.35 2 22
git.sr.ht/~jamesponddotco/gitignore-go/internal/pattern/pattern.go:68.35,72.4 2 3
git.sr.ht/~jamesponddotco/gitignore-go/internal/pattern/pattern.go:75.3,75.54 1 22
git.sr.ht/~jamesponddotco/gitignore-go/internal/pattern/pattern.go:75.54,77.4 1 2
git.sr.ht/~jamesponddotco/gitignore-go/internal/pattern/pattern.go:80.3,80.94 1 22
git.sr.ht/~jamesponddotco/gitignore-go/internal/pattern/pattern.go:80.94,82.4 1 1
git.sr.ht/~jamesponddotco/gitignore-go/internal/pattern/pattern.go:85.3,90.38 3 22
git.sr.ht/~jamesponddotco/gitignore-go/internal/pattern/pattern.go:90.38,92.4 1 1
git.sr.ht/~jamesponddotco/gitignore-go/internal/pattern/pattern.go:94.3,108.35 9 22
git.sr.ht/~jamesponddotco/gitignore-go/internal/pattern/pattern.go:108.35,110.4 1 1
git.sr.ht/~jamesponddotco/gitignore-go/internal/pattern/pattern.go:110.9,112.4 1 21
git.sr.ht/~jamesponddotco/gitignore-go/internal/pattern/pattern.go:114.3,114.35 1 22
git.sr.ht/~jamesponddotco/gitignore-go/internal/pattern/pattern.go:114.35,116.4 1 2
git.sr.ht/~jamesponddotco/gitignore-go/internal/pattern/pattern.go:116.9,118.4 1 20
git.sr.ht/~jamesponddotco/gitignore-go/internal/pattern/pattern.go:120.3,121.17 2 22
git.sr.ht/~jamesponddotco/gitignore-go/internal/pattern/pattern.go:121.17,123.4 1 1
git.sr.ht/~jamesponddotco/gitignore-go/internal/pattern/pattern.go:125.3,128.5 1 21
git.sr.ht/~jamesponddotco/gitignore-go/internal/pattern/pattern.go:131.2,131.38 1 20
git.sr.ht/~jamesponddotco/gitignore-go/internal/pattern/pattern.go:131.38,133.3 1 1
git.sr.ht/~jamesponddotco/gitignore-go/internal/pattern/pattern.go:135.2,135.22 1 19
